#
# A fatal error has been detected by the Java Runtime Environment:
#
#  EXCEPTION_ACCESS_VIOLATION (0xc0000005) at pc=0x00007ffff0b30603, pid=18884, tid=20808
#
# JRE version: Java(TM) SE Runtime Environment (17.0.1+12) (build 17.0.1+12-LTS-39)
# Java VM: Java HotSpot(TM) 64-Bit Server VM (17.0.1+12-LTS-39, mixed mode, sharing, tiered, compressed oops, compressed class ptrs, g1 gc, windows-amd64)
# Problematic frame:
# C  [libnd4jcpu.dll+0x390603]
#
# No core dump will be written. Minidumps are not enabled by default on client versions of Windows
#
# If you would like to submit a bug report, please visit:
#   https://bugreport.java.com/bugreport/crash.jsp
# The crash happened outside the Java Virtual Machine in native code.
# See problematic frame for where to report the bug.
#

---------------  S U M M A R Y ------------

Command Line: -javaagent:C:\Program Files\JetBrains\IntelliJ IDEA Community Edition 2021.3\lib\idea_rt.jar=61300:C:\Program Files\JetBrains\IntelliJ IDEA Community Edition 2021.3\bin -Dfile.encoding=UTF-8 com.ibjects.emotionClassifier

Host: Intel(R) Core(TM) i7-7500U CPU @ 2.70GHz, 4 cores, 7G,  Windows 10 , 64 bit Build 19041 (10.0.19041.1348)
Time: Fri Dec 31 14:01:06 2021 Romance Standard Time elapsed time: 24.824677 seconds (0d 0h 0m 24s)

---------------  T H R E A D  ---------------

Current thread (0x000002a44f2d9790):  JavaThread "main" [_thread_in_native, id=20808, stack(0x000000be17800000,0x000000be17900000)]

Stack: [0x000000be17800000,0x000000be17900000],  sp=0x000000be178fe7f0,  free space=1017k
Native frames: (J=compiled Java code, j=interpreted, Vv=VM code, C=native code)
C  [libnd4jcpu.dll+0x390603]

Java frames: (J=compiled Java code, j=interpreted, Vv=VM code)
J 2157  org.nd4j.nativeblas.Nd4jCpu.execTransformAny(Lorg/bytedeco/javacpp/PointerPointer;ILorg/nd4j/nativeblas/OpaqueDataBuffer;Lorg/bytedeco/javacpp/LongPointer;Lorg/bytedeco/javacpp/LongPointer;Lorg/nd4j/nativeblas/OpaqueDataBuffer;Lorg/bytedeco/javacpp/LongPointer;Lorg/bytedeco/javacpp/LongPointer;Lorg/bytedeco/javacpp/Pointer;)V (0 bytes) @ 0x000002a45fecec26 [0x000002a45feceb20+0x0000000000000106]
J 2285 c2 org.nd4j.linalg.cpu.nativecpu.ops.NativeOpExecutioner.exec(Lorg/nd4j/linalg/api/ops/TransformOp;Lorg/nd4j/linalg/api/ops/OpContext;)V (1276 bytes) @ 0x000002a45ff33f4c [0x000002a45ff337c0+0x000000000000078c]
J 2283 c2 org.nd4j.linalg.api.ndarray.BaseNDArray.put([Lorg/nd4j/linalg/indexing/INDArrayIndex;Lorg/nd4j/linalg/api/ndarray/INDArray;)Lorg/nd4j/linalg/api/ndarray/INDArray; (401 bytes) @ 0x000002a45ff30d94 [0x000002a45ff308a0+0x00000000000004f4]
J 2265 c2 org.nd4j.linalg.api.ndarray.BaseNDArray.putRow(JLorg/nd4j/linalg/api/ndarray/INDArray;)Lorg/nd4j/linalg/api/ndarray/INDArray; (45 bytes) @ 0x000002a45ff23bd8 [0x000002a45ff23860+0x0000000000000378]
j  com.ibjects.emotionClassifier.getDataSetIterator(Ljava/lang/String;I)Lorg/nd4j/linalg/dataset/api/iterator/DataSetIterator;+169
j  com.ibjects.emotionClassifier.buildModel(Lorg/nd4j/linalg/dataset/api/iterator/DataSetIterator;)V+225
j  com.ibjects.emotionClassifier.main([Ljava/lang/String;)V+12
v  ~StubRoutines::call_stub

siginfo: EXCEPTION_ACCESS_VIOLATION (0xc0000005), writing address 0x000002a44c801640


Register to memory mapping:

RIP=0x00007ffff0b30603 libnd4jcpu.dll
RAX=0x0000000000000900 is an unknown value
RBX=0x0000000000000481 is an unknown value
RCX=0x000002a47f9e1b54 points into unknown readable memory: 99 98 98 3e
RDX=0x000002a44c801640 is an unknown value
RSP=0x000000be178fe7f0 is pointing into the stack for thread: 0x000002a44f2d9790
RBP=0x0000000000000480 is an unknown value
RSI=0x000002a47315eea0 points into unknown readable memory: 0x0000000000000001 | 01 00 00 00 00 00 00 00
RDI=0x000002a47315f1e0 points into unknown readable memory: 0x0000000000000001 | 01 00 00 00 00 00 00 00
R8 =0x0000000000000004 is an unknown value
R9 =0x0000000000000004 is an unknown value
R10=0x000000be178fe980 is pointing into the stack for thread: 0x000002a44f2d9790
R11=0x000002a47315f1f0 points into unknown readable memory: 0x0000000000000001 | 01 00 00 00 00 00 00 00
R12=0x0000000000000001 is an unknown value
R13=0x000000be178fe980 is pointing into the stack for thread: 0x000002a44f2d9790
R14=0x000002a44c800440 points into unknown readable memory: 0x3d40c0c13e34b4b5 | b5 b4 34 3e c1 c0 40 3d
R15=0x000002a47f9e0950 points into unknown readable memory: 0x3d40c0c13e34b4b5 | b5 b4 34 3e c1 c0 40 3d


Registers:
RAX=0x0000000000000900, RBX=0x0000000000000481, RCX=0x000002a47f9e1b54, RDX=0x000002a44c801640
RSP=0x000000be178fe7f0, RBP=0x0000000000000480, RSI=0x000002a47315eea0, RDI=0x000002a47315f1e0
R8 =0x0000000000000004, R9 =0x0000000000000004, R10=0x000000be178fe980, R11=0x000002a47315f1f0
R12=0x0000000000000001, R13=0x000000be178fe980, R14=0x000002a44c800440, R15=0x000002a47f9e0950
RIP=0x00007ffff0b30603, EFLAGS=0x0000000000010202

Top of Stack: (sp=0x000000be178fe7f0)
0x000000be178fe7f0:   0000000200000000 0000000000000020
0x000000be178fe800:   0000000000000000 000002a44f0d1140
0x000000be178fe810:   0000000000000900 0000000000000001
0x000000be178fe820:   000002a44f0d02b4 000002a44f2d9790
0x000000be178fe830:   0000000000000050 000002a44f0d0cc0
0x000000be178fe840:   0000000003070384 0000000000000000
0x000000be178fe850:   0000000000000000 00007ff8ac5d5ba1
0x000000be178fe860:   0000000000000040 0000000000000001
0x000000be178fe870:   0000000000000001 0000000000000066
0x000000be178fe880:   0000000000000005 00007ff8ac5db3c7
0x000000be178fe890:   000002a47c80cab0 00007ff80000032a
0x000000be178fe8a0:   0000000000000040 000002a4495b2010
0x000000be178fe8b0:   000002a47315eeb0 000002a47315f1f0
0x000000be178fe8c0:   000002a44f0d0000 0000000000000050
0x000000be178fe8d0:   0000000000000040 0000000000000020
0x000000be178fe8e0:   000002a44f3b0000 0000000000000000 

Instructions: (pc=0x00007ffff0b30603)
0x00007ffff0b30503:   83 c5 01 eb 89 4c 89 44 24 20 45 31 c9 49 89 d8
0x00007ffff0b30513:   4c 89 e2 48 c7 44 24 28 01 00 00 00 48 8d 84 24
0x00007ffff0b30523:   90 01 00 00 48 89 c7 48 89 c1 48 89 84 24 d8 00
0x00007ffff0b30533:   00 00 e8 d6 94 3e 00 48 89 f9 e8 6e 96 3e 00 48
0x00007ffff0b30543:   89 c3 eb 2e 48 8b b4 24 c0 00 00 00 48 8b 06 48
0x00007ffff0b30553:   8b b4 24 c8 00 00 00 48 0f af c3 f3 41 0f 10 04
0x00007ffff0b30563:   87 48 8b 06 48 0f af c3 48 83 c3 01 f3 41 0f 11
0x00007ffff0b30573:   04 86 48 8b 8c 24 d8 00 00 00 e8 3e 96 3e 00 48
0x00007ffff0b30583:   39 d8 7f c0 e9 71 f8 ff ff 4c 89 44 24 20 45 31
0x00007ffff0b30593:   c9 49 89 d8 4c 89 e2 48 c7 44 24 28 01 00 00 00
0x00007ffff0b305a3:   4c 8d ac 24 90 01 00 00 4c 89 e9 e8 5d 94 3e 00
0x00007ffff0b305b3:   4c 89 e9 e8 f5 95 3e 00 4c 89 e9 48 89 c3 e8 fa
0x00007ffff0b305c3:   95 3e 00 48 39 c3 0f 8d 2e f8 ff ff 8b 94 24 80
0x00007ffff0b305d3:   00 00 00 89 ed 4c 8d 04 ad 00 00 00 00 48 0f af
0x00007ffff0b305e3:   eb 4c 8d 0c 95 00 00 00 00 48 0f af d3 49 8d 0c
0x00007ffff0b305f3:   97 49 8d 14 ae f3 0f 10 01 48 83 c3 01 4c 01 c9
0x00007ffff0b30603:   f3 0f 11 02 4c 01 c2 48 39 d8 75 e9 e9 e9 f7 ff
0x00007ffff0b30613:   ff 4c 8b 46 08 4d 85 c0 0f 85 4f f8 ff ff e9 d7
0x00007ffff0b30623:   f7 ff ff 66 2e 0f 1f 84 00 00 00 00 00 48 8d 54
0x00007ffff0b30633:   00 04 41 b9 fe ff ff ff 31 c0 48 85 d2 7f 22 e9
0x00007ffff0b30643:   0d 09 00 00 66 0f 1f 84 00 00 00 00 00 89 8c 84
0x00007ffff0b30653:   90 01 00 00 48 83 c0 01 48 39 c2 0f 84 f0 08 00
0x00007ffff0b30663:   00 48 8b 0c c6 4c 39 c9 7e e3 45 31 ed 4c 89 44
0x00007ffff0b30673:   24 20 45 31 c9 49 89 d8 4c 89 e2 48 c7 44 24 28
0x00007ffff0b30683:   01 00 00 00 48 8d bc 24 10 01 00 00 48 89 f9 e8
0x00007ffff0b30693:   79 93 3e 00 48 89 f9 e8 11 95 3e 00 48 89 f9 48
0x00007ffff0b306a3:   89 c3 e8 16 95 3e 00 48 89 c7 83 fd 01 0f 86 07
0x00007ffff0b306b3:   08 00 00 48 39 c3 0f 8d 3e f7 ff ff 44 8b a4 24
0x00007ffff0b306c3:   90 01 00 00 48 8d 84 24 90 01 00 00 89 ed 49 89
0x00007ffff0b306d3:   f0 47 8d 1c 24 41 8d 4c 24 01 41 8d 53 03 89 8c
0x00007ffff0b306e3:   24 88 00 00 00 44 89 de 48 8d 14 90 48 89 94 24
0x00007ffff0b306f3:   80 00 00 00 41 8d 53 02 48 8d 14 90 48 89 94 24 


Stack slot to memory mapping:
stack at sp + 0 slots: 0x0000000200000000 is an unknown value
stack at sp + 1 slots: 0x0000000000000020 is an unknown value
stack at sp + 2 slots: 0x0 is NULL
stack at sp + 3 slots: 0x000002a44f0d1140 points into unknown readable memory: 0x000002a44f0d0cc0 | c0 0c 0d 4f a4 02 00 00
stack at sp + 4 slots: 0x0000000000000900 is an unknown value
stack at sp + 5 slots: 0x0000000000000001 is an unknown value
stack at sp + 6 slots: 